-------------------------------------------------------------------------------
Test set: test.java.ExampleTest
-------------------------------------------------------------------------------
Tests run: 2, Failures: 1, Errors: 1, Skipped: 0, Time elapsed: 0.281 s <<< FAILURE! - in test.java.ExampleTest
testExample(test.java.ExampleTest)  Time elapsed: 0.251 s  <<< ERROR!
org.apache.http.conn.HttpHostConnectException: Connection to http://localhost:8080 refused
	at test.java.ExampleTest.testExample(ExampleTest.java:21)
Caused by: java.net.ConnectException: Connection refused (Connection refused)
	at test.java.ExampleTest.testExample(ExampleTest.java:21)

testExamplePathParam(test.java.ExampleTest)  Time elapsed: 0 s  <<< FAILURE!
java.lang.AssertionError: Not yet implemented
	at test.java.ExampleTest.testExamplePathParam(ExampleTest.java:27)

