<?xml version="1.0" encoding="UTF-8"?>
<testsuite xmlns:xsi="http://www.w3.org/2001/XMLSchema-instance" xsi:noNamespaceSchemaLocation="https://maven.apache.org/surefire/maven-surefire-plugin/xsd/surefire-test-report.xsd" name="test.java.ExampleTest" time="0.281" tests="2" errors="1" skipped="0" failures="1">
  <properties>
[...]
</properties>
  <testcase name="testExample" classname="test.java.ExampleTest" time="0.251">
    <error message="Connection to http://localhost:8080 refused" type="org.apache.http.conn.HttpHostConnectException">org.apache.http.conn.HttpHostConnectException: Connection to http://localhost:8080 refused
	at test.java.ExampleTest.testExample(ExampleTest.java:21)
Caused by: java.net.ConnectException: Connection refused (Connection refused)
	at test.java.ExampleTest.testExample(ExampleTest.java:21)
</error>
  </testcase>
  <testcase name="testExamplePathParam" classname="test.java.ExampleTest" time="0">
    <failure message="Not yet implemented" type="java.lang.AssertionError">java.lang.AssertionError: Not yet implemented
	at test.java.ExampleTest.testExamplePathParam(ExampleTest.java:27)
</failure>
  </testcase>
</testsuite>